# JRE version: OpenJDK Runtime Environment (8.0_242-b01) (build 1.8.0_242-release-1644-b01)
# Java VM: OpenJDK 64-Bit Server VM (25.242-b01 mixed mode windows-amd64 compressed oops)
Heap:
 PSYoungGen      total 237568K, used 148793K [0x00000000d5580000, 0x00000000e8780000, 0x0000000100000000)
  eden space 218624K, 59% used [0x00000000d5580000,0x00000000dd44f1d0,0x00000000e2b00000)
  from space 18944K, 99% used [0x00000000e2b00000,0x00000000e3d7f340,0x00000000e3d80000)
  to   space 22016K, 0% used [0x00000000e7200000,0x00000000e7200000,0x00000000e8780000)
 ParOldGen       total 116736K, used 32053K [0x0000000080000000, 0x0000000087200000, 0x00000000d5580000)
  object space 116736K, 27% used [0x0000000080000000,0x0000000081f4d6d8,0x0000000087200000)
 Metaspace       used 70380K, capacity 73658K, committed 73752K, reserved 1112064K
  class space    used 9612K, capacity 10232K, committed 10288K, reserved 1048576K
GC Heap History (10 events):
Event: 5.267 GC heap before
{Heap before GC invocations=12 (full 2):
 PSYoungGen      total 140288K, used 129024K [0x00000000d5580000, 0x00000000e1c00000, 0x0000000100000000)
  eden space 129024K, 100% used [0x00000000d5580000,0x00000000dd380000,0x00000000dd380000)
  from space 11264K, 0% used [0x00000000dd380000,0x00000000dd380000,0x00000000dde80000)
  to   space 13312K, 0% used [0x00000000e0f00000,0x00000000e0f00000,0x00000000e1c00000)
 ParOldGen       total 76800K, used 17978K [0x0000000080000000, 0x0000000084b00000, 0x00000000d5580000)
  object space 76800K, 23% used [0x0000000080000000,0x000000008118ea68,0x0000000084b00000)
 Metaspace       used 38374K, capacity 40042K, committed 40232K, reserved 1083392K
  class space    used 5297K, capacity 5655K, committed 5680K, reserved 1048576K
Event: 5.274 GC heap after
Heap after GC invocations=12 (full 2):
 PSYoungGen      total 178176K, used 8387K [0x00000000d5580000, 0x00000000e1780000, 0x0000000100000000)
  eden space 169472K, 0% used [0x00000000d5580000,0x00000000d5580000,0x00000000dfb00000)
  from space 8704K, 96% used [0x00000000e0f00000,0x00000000e1730cf0,0x00000000e1780000)
  to   space 12800K, 0% used [0x00000000dfe80000,0x00000000dfe80000,0x00000000e0b00000)
 ParOldGen       total 76800K, used 17986K [0x0000000080000000, 0x0000000084b00000, 0x00000000d5580000)
  object space 76800K, 23% used [0x0000000080000000,0x0000000081190a68,0x0000000084b00000)
 Metaspace       used 38374K, capacity 40042K, committed 40232K, reserved 1083392K
  class space    used 5297K, capacity 5655K, committed 5680K, reserved 1048576K
}
Event: 7.261 GC heap before
{Heap before GC invocations=13 (full 2):
 PSYoungGen      total 178176K, used 177859K [0x00000000d5580000, 0x00000000e1780000, 0x0000000100000000)
  eden space 169472K, 100% used [0x00000000d5580000,0x00000000dfb00000,0x00000000dfb00000)
  from space 8704K, 96% used [0x00000000e0f00000,0x00000000e1730cf0,0x00000000e1780000)
  to   space 12800K, 0% used [0x00000000dfe80000,0x00000000dfe80000,0x00000000e0b00000)
 ParOldGen       total 76800K, used 17986K [0x0000000080000000, 0x0000000084b00000, 0x00000000d5580000)
  object space 76800K, 23% used [0x0000000080000000,0x0000000081190a68,0x0000000084b00000)
 Metaspace       used 53656K, capacity 55786K, committed 55976K, reserved 1097728K
  class space    used 7134K, capacity 7573K, committed 7600K, reserved 1048576K
Event: 7.282 GC heap after
Heap after GC invocations=13 (full 2):
 PSYoungGen      total 185856K, used 12772K [0x00000000d5580000, 0x00000000e5080000, 0x0000000100000000)
  eden space 173056K, 0% used [0x00000000d5580000,0x00000000d5580000,0x00000000dfe80000)
  from space 12800K, 99% used [0x00000000dfe80000,0x00000000e0af9310,0x00000000e0b00000)
  to   space 19456K, 0% used [0x00000000e3d80000,0x00000000e3d80000,0x00000000e5080000)
 ParOldGen       total 76800K, used 30814K [0x0000000080000000, 0x0000000084b00000, 0x00000000d5580000)
  object space 76800K, 40% used [0x0000000080000000,0x0000000081e179d8,0x0000000084b00000)
 Metaspace       used 53656K, capacity 55786K, committed 55976K, reserved 1097728K
  class space    used 7134K, capacity 7573K, committed 7600K, reserved 1048576K
}
Event: 7.683 GC heap before
{Heap before GC invocations=14 (full 2):
 PSYoungGen      total 185856K, used 44079K [0x00000000d5580000, 0x00000000e5080000, 0x0000000100000000)
  eden space 173056K, 18% used [0x00000000d5580000,0x00000000d74129a0,0x00000000dfe80000)
  from space 12800K, 99% used [0x00000000dfe80000,0x00000000e0af9310,0x00000000e0b00000)
  to   space 19456K, 0% used [0x00000000e3d80000,0x00000000e3d80000,0x00000000e5080000)
 ParOldGen       total 76800K, used 30814K [0x0000000080000000, 0x0000000084b00000, 0x00000000d5580000)
  object space 76800K, 40% used [0x0000000080000000,0x0000000081e179d8,0x0000000084b00000)
 Metaspace       used 56779K, capacity 59080K, committed 59160K, reserved 1099776K
  class space    used 7714K, capacity 8199K, committed 8240K, reserved 1048576K
Event: 7.693 GC heap after
Heap after GC invocations=14 (full 2):
 PSYoungGen      total 238080K, used 4102K [0x00000000d5580000, 0x00000000e5380000, 0x0000000100000000)
  eden space 218624K, 0% used [0x00000000d5580000,0x00000000d5580000,0x00000000e2b00000)
  from space 19456K, 21% used [0x00000000e3d80000,0x00000000e4181b68,0x00000000e5080000)
  to   space 18944K, 0% used [0x00000000e2b00000,0x00000000e2b00000,0x00000000e3d80000)
 ParOldGen       total 76800K, used 43514K [0x0000000080000000, 0x0000000084b00000, 0x00000000d5580000)
  object space 76800K, 56% used [0x0000000080000000,0x0000000082a7e900,0x0000000084b00000)
 Metaspace       used 56779K, capacity 59080K, committed 59160K, reserved 1099776K
  class space    used 7714K, capacity 8199K, committed 8240K, reserved 1048576K
}
Event: 7.693 GC heap before
{Heap before GC invocations=15 (full 3):
 PSYoungGen      total 238080K, used 4102K [0x00000000d5580000, 0x00000000e5380000, 0x0000000100000000)
  eden space 218624K, 0% used [0x00000000d5580000,0x00000000d5580000,0x00000000e2b00000)
  from space 19456K, 21% used [0x00000000e3d80000,0x00000000e4181b68,0x00000000e5080000)
  to   space 18944K, 0% used [0x00000000e2b00000,0x00000000e2b00000,0x00000000e3d80000)
 ParOldGen       total 76800K, used 43514K [0x0000000080000000, 0x0000000084b00000, 0x00000000d5580000)
  object space 76800K, 56% used [0x0000000080000000,0x0000000082a7e900,0x0000000084b00000)
 Metaspace       used 56779K, capacity 59080K, committed 59160K, reserved 1099776K
  class space    used 7714K, capacity 8199K, committed 8240K, reserved 1048576K
Event: 7.843 GC heap after
Heap after GC invocations=15 (full 3):
 PSYoungGen      total 238080K, used 0K [0x00000000d5580000, 0x00000000e5380000, 0x0000000100000000)
  eden space 218624K, 0% used [0x00000000d5580000,0x00000000d5580000,0x00000000e2b00000)
  from space 19456K, 0% used [0x00000000e3d80000,0x00000000e3d80000,0x00000000e5080000)
  to   space 18944K, 0% used [0x00000000e2b00000,0x00000000e2b00000,0x00000000e3d80000)
 ParOldGen       total 116736K, used 31796K [0x0000000080000000, 0x0000000087200000, 0x00000000d5580000)
  object space 116736K, 27% used [0x0000000080000000,0x0000000081f0d370,0x0000000087200000)
 Metaspace       used 56735K, capacity 58930K, committed 59160K, reserved 1099776K
  class space    used 7700K, capacity 8174K, committed 8240K, reserved 1048576K
}
Event: 10.841 GC heap before
{Heap before GC invocations=16 (full 3):
 PSYoungGen      total 238080K, used 218624K [0x00000000d5580000, 0x00000000e5380000, 0x0000000100000000)
  eden space 218624K, 100% used [0x00000000d5580000,0x00000000e2b00000,0x00000000e2b00000)
  from space 19456K, 0% used [0x00000000e3d80000,0x00000000e3d80000,0x00000000e5080000)
  to   space 18944K, 0% used [0x00000000e2b00000,0x00000000e2b00000,0x00000000e3d80000)
 ParOldGen       total 116736K, used 31796K [0x0000000080000000, 0x0000000087200000, 0x00000000d5580000)
  object space 116736K, 27% used [0x0000000080000000,0x0000000081f0d370,0x0000000087200000)
 Metaspace       used 66124K, capacity 69426K, committed 69656K, reserved 1110016K
  class space    used 9079K, capacity 9728K, committed 9776K, reserved 1048576K
Event: 10.860 GC heap after
Heap after GC invocations=16 (full 3):
 PSYoungGen      total 237568K, used 18940K [0x00000000d5580000, 0x00000000e8780000, 0x0000000100000000)
  eden space 218624K, 0% used [0x00000000d5580000,0x00000000d5580000,0x00000000e2b00000)
  from space 18944K, 99% used [0x00000000e2b00000,0x00000000e3d7f340,0x00000000e3d80000)
  to   space 22016K, 0% used [0x00000000e7200000,0x00000000e7200000,0x00000000e8780000)
 ParOldGen       total 116736K, used 32053K [0x0000000080000000, 0x0000000087200000, 0x00000000d5580000)
  object space 116736K, 27% used [0x0000000080000000,0x0000000081f4d6d8,0x0000000087200000)
 Metaspace       used 66124K, capacity 69426K, committed 69656K, reserved 1110016K
  class space    used 9079K, capacity 9728K, committed 9776K, reserved 1048576K
}

