# JRE version: OpenJDK Runtime Environment (8.0_242-b01) (build 1.8.0_242-release-1644-b01)
# Java VM: OpenJDK 64-Bit Server VM (25.242-b01 mixed mode windows-amd64 compressed oops)
Heap:
 PSYoungGen      total 255488K, used 122331K [0x00000000d5580000, 0x00000000ec880000, 0x0000000100000000)
  eden space 240640K, 44% used [0x00000000d5580000,0x00000000dbe7b440,0x00000000e4080000)
  from space 14848K, 99% used [0x00000000e4080000,0x00000000e4efb8e0,0x00000000e4f00000)
  to   space 17920K, 0% used [0x00000000eb700000,0x00000000eb700000,0x00000000ec880000)
 ParOldGen       total 69120K, used 17387K [0x0000000080000000, 0x0000000084380000, 0x00000000d5580000)
  object space 69120K, 25% used [0x0000000080000000,0x00000000810fad48,0x0000000084380000)
 Metaspace       used 53409K, capacity 55578K, committed 55720K, reserved 1097728K
  class space    used 7107K, capacity 7543K, committed 7600K, reserved 1048576K
GC Heap History (10 events):
Event: 2.835 GC heap before
{Heap before GC invocations=7 (full 1):
 PSYoungGen      total 144384K, used 5184K [0x00000000d5580000, 0x00000000dee80000, 0x0000000100000000)
  eden space 133120K, 0% used [0x00000000d5580000,0x00000000d5580000,0x00000000dd780000)
  from space 11264K, 46% used [0x00000000de380000,0x00000000de890020,0x00000000dee80000)
  to   space 11776K, 0% used [0x00000000dd780000,0x00000000dd780000,0x00000000de300000)
 ParOldGen       total 87552K, used 10002K [0x0000000080000000, 0x0000000085580000, 0x00000000d5580000)
  object space 87552K, 11% used [0x0000000080000000,0x00000000809c48b8,0x0000000085580000)
 Metaspace       used 20557K, capacity 21224K, committed 21296K, reserved 1067008K
  class space    used 2872K, capacity 3076K, committed 3120K, reserved 1048576K
Event: 2.868 GC heap after
Heap after GC invocations=7 (full 1):
 PSYoungGen      total 144384K, used 0K [0x00000000d5580000, 0x00000000dee80000, 0x0000000100000000)
  eden space 133120K, 0% used [0x00000000d5580000,0x00000000d5580000,0x00000000dd780000)
  from space 11264K, 0% used [0x00000000de380000,0x00000000de380000,0x00000000dee80000)
  to   space 11776K, 0% used [0x00000000dd780000,0x00000000dd780000,0x00000000de300000)
 ParOldGen       total 51200K, used 6699K [0x0000000080000000, 0x0000000083200000, 0x00000000d5580000)
  object space 51200K, 13% used [0x0000000080000000,0x000000008068ad48,0x0000000083200000)
 Metaspace       used 20557K, capacity 21224K, committed 21296K, reserved 1067008K
  class space    used 2872K, capacity 3076K, committed 3120K, reserved 1048576K
}
Event: 5.372 GC heap before
{Heap before GC invocations=8 (full 1):
 PSYoungGen      total 144384K, used 133120K [0x00000000d5580000, 0x00000000dee80000, 0x0000000100000000)
  eden space 133120K, 100% used [0x00000000d5580000,0x00000000dd780000,0x00000000dd780000)
  from space 11264K, 0% used [0x00000000de380000,0x00000000de380000,0x00000000dee80000)
  to   space 11776K, 0% used [0x00000000dd780000,0x00000000dd780000,0x00000000de300000)
 ParOldGen       total 51200K, used 6699K [0x0000000080000000, 0x0000000083200000, 0x00000000d5580000)
  object space 51200K, 13% used [0x0000000080000000,0x000000008068ad48,0x0000000083200000)
 Metaspace       used 32707K, capacity 33706K, committed 33968K, reserved 1079296K
  class space    used 4458K, capacity 4719K, committed 4784K, reserved 1048576K
Event: 5.386 GC heap after
Heap after GC invocations=8 (full 1):
 PSYoungGen      total 144896K, used 11749K [0x00000000d5580000, 0x00000000e6000000, 0x0000000100000000)
  eden space 133120K, 0% used [0x00000000d5580000,0x00000000d5580000,0x00000000dd780000)
  from space 11776K, 99% used [0x00000000dd780000,0x00000000de2f9728,0x00000000de300000)
  to   space 15360K, 0% used [0x00000000e5100000,0x00000000e5100000,0x00000000e6000000)
 ParOldGen       total 51200K, used 9477K [0x0000000080000000, 0x0000000083200000, 0x00000000d5580000)
  object space 51200K, 18% used [0x0000000080000000,0x0000000080941750,0x0000000083200000)
 Metaspace       used 32707K, capacity 33706K, committed 33968K, reserved 1079296K
  class space    used 4458K, capacity 4719K, committed 4784K, reserved 1048576K
}
Event: 5.889 GC heap before
{Heap before GC invocations=9 (full 1):
 PSYoungGen      total 144896K, used 47167K [0x00000000d5580000, 0x00000000e6000000, 0x0000000100000000)
  eden space 133120K, 26% used [0x00000000d5580000,0x00000000d78167a0,0x00000000dd780000)
  from space 11776K, 99% used [0x00000000dd780000,0x00000000de2f9728,0x00000000de300000)
  to   space 15360K, 0% used [0x00000000e5100000,0x00000000e5100000,0x00000000e6000000)
 ParOldGen       total 51200K, used 9477K [0x0000000080000000, 0x0000000083200000, 0x00000000d5580000)
  object space 51200K, 18% used [0x0000000080000000,0x0000000080941750,0x0000000083200000)
 Metaspace       used 34259K, capacity 35408K, committed 35496K, reserved 1079296K
  class space    used 4709K, capacity 5001K, committed 5040K, reserved 1048576K
Event: 5.907 GC heap after
Heap after GC invocations=9 (full 1):
 PSYoungGen      total 253440K, used 8908K [0x00000000d5580000, 0x00000000e5d80000, 0x0000000100000000)
  eden space 240640K, 0% used [0x00000000d5580000,0x00000000d5580000,0x00000000e4080000)
  from space 12800K, 69% used [0x00000000e5100000,0x00000000e59b33e0,0x00000000e5d80000)
  to   space 14848K, 0% used [0x00000000e4080000,0x00000000e4080000,0x00000000e4f00000)
 ParOldGen       total 51200K, used 9485K [0x0000000080000000, 0x0000000083200000, 0x00000000d5580000)
  object space 51200K, 18% used [0x0000000080000000,0x0000000080943750,0x0000000083200000)
 Metaspace       used 34259K, capacity 35408K, committed 35496K, reserved 1079296K
  class space    used 4709K, capacity 5001K, committed 5040K, reserved 1048576K
}
Event: 5.907 GC heap before
{Heap before GC invocations=10 (full 2):
 PSYoungGen      total 253440K, used 8908K [0x00000000d5580000, 0x00000000e5d80000, 0x0000000100000000)
  eden space 240640K, 0% used [0x00000000d5580000,0x00000000d5580000,0x00000000e4080000)
  from space 12800K, 69% used [0x00000000e5100000,0x00000000e59b33e0,0x00000000e5d80000)
  to   space 14848K, 0% used [0x00000000e4080000,0x00000000e4080000,0x00000000e4f00000)
 ParOldGen       total 51200K, used 9485K [0x0000000080000000, 0x0000000083200000, 0x00000000d5580000)
  object space 51200K, 18% used [0x0000000080000000,0x0000000080943750,0x0000000083200000)
 Metaspace       used 34259K, capacity 35408K, committed 35496K, reserved 1079296K
  class space    used 4709K, capacity 5001K, committed 5040K, reserved 1048576K
Event: 5.966 GC heap after
Heap after GC invocations=10 (full 2):
 PSYoungGen      total 253440K, used 0K [0x00000000d5580000, 0x00000000e5d80000, 0x0000000100000000)
  eden space 240640K, 0% used [0x00000000d5580000,0x00000000d5580000,0x00000000e4080000)
  from space 12800K, 0% used [0x00000000e5100000,0x00000000e5100000,0x00000000e5d80000)
  to   space 14848K, 0% used [0x00000000e4080000,0x00000000e4080000,0x00000000e4f00000)
 ParOldGen       total 69120K, used 15213K [0x0000000080000000, 0x0000000084380000, 0x00000000d5580000)
  object space 69120K, 22% used [0x0000000080000000,0x0000000080edb680,0x0000000084380000)
 Metaspace       used 34259K, capacity 35408K, committed 35496K, reserved 1079296K
  class space    used 4709K, capacity 5001K, committed 5040K, reserved 1048576K
}
Event: 8.640 GC heap before
{Heap before GC invocations=11 (full 2):
 PSYoungGen      total 253440K, used 240640K [0x00000000d5580000, 0x00000000e5d80000, 0x0000000100000000)
  eden space 240640K, 100% used [0x00000000d5580000,0x00000000e4080000,0x00000000e4080000)
  from space 12800K, 0% used [0x00000000e5100000,0x00000000e5100000,0x00000000e5d80000)
  to   space 14848K, 0% used [0x00000000e4080000,0x00000000e4080000,0x00000000e4f00000)
 ParOldGen       total 69120K, used 15213K [0x0000000080000000, 0x0000000084380000, 0x00000000d5580000)
  object space 69120K, 22% used [0x0000000080000000,0x0000000080edb680,0x0000000084380000)
 Metaspace       used 45561K, capacity 47424K, committed 47528K, reserved 1089536K
  class space    used 6160K, capacity 6530K, committed 6576K, reserved 1048576K
Event: 8.674 GC heap after
Heap after GC invocations=11 (full 2):
 PSYoungGen      total 255488K, used 14830K [0x00000000d5580000, 0x00000000ec880000, 0x0000000100000000)
  eden space 240640K, 0% used [0x00000000d5580000,0x00000000d5580000,0x00000000e4080000)
  from space 14848K, 99% used [0x00000000e4080000,0x00000000e4efb8e0,0x00000000e4f00000)
  to   space 17920K, 0% used [0x00000000eb700000,0x00000000eb700000,0x00000000ec880000)
 ParOldGen       total 69120K, used 17387K [0x0000000080000000, 0x0000000084380000, 0x00000000d5580000)
  object space 69120K, 25% used [0x0000000080000000,0x00000000810fad48,0x0000000084380000)
 Metaspace       used 45561K, capacity 47424K, committed 47528K, reserved 1089536K
  class space    used 6160K, capacity 6530K, committed 6576K, reserved 1048576K
}

