# JRE version: OpenJDK Runtime Environment (8.0_242-b01) (build 1.8.0_242-release-1644-b01)
# Java VM: OpenJDK 64-Bit Server VM (25.242-b01 mixed mode windows-amd64 compressed oops)
Heap:
 PSYoungGen      total 175104K, used 26837K [0x00000000d5580000, 0x00000000e2b80000, 0x0000000100000000)
  eden space 162304K, 8% used [0x00000000d5580000,0x00000000d6336390,0x00000000df400000)
  from space 12800K, 99% used [0x00000000df400000,0x00000000e007f320,0x00000000e0080000)
  to   space 18432K, 0% used [0x00000000e1980000,0x00000000e1980000,0x00000000e2b80000)
 ParOldGen       total 87552K, used 28548K [0x0000000080000000, 0x0000000085580000, 0x00000000d5580000)
  object space 87552K, 32% used [0x0000000080000000,0x0000000081be1270,0x0000000085580000)
 Metaspace       used 52876K, capacity 54868K, committed 55080K, reserved 1097728K
  class space    used 7028K, capacity 7468K, committed 7472K, reserved 1048576K
GC Heap History (10 events):
Event: 3.820 GC heap before
{Heap before GC invocations=9 (full 1):
 PSYoungGen      total 76288K, used 65536K [0x00000000d5580000, 0x00000000dea80000, 0x0000000100000000)
  eden space 65536K, 100% used [0x00000000d5580000,0x00000000d9580000,0x00000000d9580000)
  from space 10752K, 0% used [0x00000000d9580000,0x00000000d9580000,0x00000000da000000)
  to   space 10752K, 0% used [0x00000000de000000,0x00000000de000000,0x00000000dea80000)
 ParOldGen       total 51200K, used 6737K [0x0000000080000000, 0x0000000083200000, 0x00000000d5580000)
  object space 51200K, 13% used [0x0000000080000000,0x0000000080694478,0x0000000083200000)
 Metaspace       used 28570K, capacity 29444K, committed 29616K, reserved 1075200K
  class space    used 3959K, capacity 4188K, committed 4272K, reserved 1048576K
Event: 3.828 GC heap after
Heap after GC invocations=9 (full 1):
 PSYoungGen      total 124416K, used 8270K [0x00000000d5580000, 0x00000000de880000, 0x0000000100000000)
  eden space 115712K, 0% used [0x00000000d5580000,0x00000000d5580000,0x00000000dc680000)
  from space 8704K, 95% used [0x00000000de000000,0x00000000de813928,0x00000000de880000)
  to   space 11264K, 0% used [0x00000000dd280000,0x00000000dd280000,0x00000000ddd80000)
 ParOldGen       total 51200K, used 6745K [0x0000000080000000, 0x0000000083200000, 0x00000000d5580000)
  object space 51200K, 13% used [0x0000000080000000,0x0000000080696478,0x0000000083200000)
 Metaspace       used 28570K, capacity 29444K, committed 29616K, reserved 1075200K
  class space    used 3959K, capacity 4188K, committed 4272K, reserved 1048576K
}
Event: 5.081 GC heap before
{Heap before GC invocations=10 (full 1):
 PSYoungGen      total 124416K, used 109888K [0x00000000d5580000, 0x00000000de880000, 0x0000000100000000)
  eden space 115712K, 87% used [0x00000000d5580000,0x00000000db8bc6e0,0x00000000dc680000)
  from space 8704K, 95% used [0x00000000de000000,0x00000000de813928,0x00000000de880000)
  to   space 11264K, 0% used [0x00000000dd280000,0x00000000dd280000,0x00000000ddd80000)
 ParOldGen       total 51200K, used 6745K [0x0000000080000000, 0x0000000083200000, 0x00000000d5580000)
  object space 51200K, 13% used [0x0000000080000000,0x0000000080696478,0x0000000083200000)
 Metaspace       used 34265K, capacity 35412K, committed 35496K, reserved 1079296K
  class space    used 4720K, capacity 5001K, committed 5040K, reserved 1048576K
Event: 5.098 GC heap after
Heap after GC invocations=10 (full 1):
 PSYoungGen      total 139264K, used 11252K [0x00000000d5580000, 0x00000000e1100000, 0x0000000100000000)
  eden space 128000K, 0% used [0x00000000d5580000,0x00000000d5580000,0x00000000dd280000)
  from space 11264K, 99% used [0x00000000dd280000,0x00000000ddd7d1e8,0x00000000ddd80000)
  to   space 12800K, 0% used [0x00000000e0480000,0x00000000e0480000,0x00000000e1100000)
 ParOldGen       total 51200K, used 7339K [0x0000000080000000, 0x0000000083200000, 0x00000000d5580000)
  object space 51200K, 14% used [0x0000000080000000,0x000000008072ac30,0x0000000083200000)
 Metaspace       used 34265K, capacity 35412K, committed 35496K, reserved 1079296K
  class space    used 4720K, capacity 5001K, committed 5040K, reserved 1048576K
}
Event: 5.098 GC heap before
{Heap before GC invocations=11 (full 2):
 PSYoungGen      total 139264K, used 11252K [0x00000000d5580000, 0x00000000e1100000, 0x0000000100000000)
  eden space 128000K, 0% used [0x00000000d5580000,0x00000000d5580000,0x00000000dd280000)
  from space 11264K, 99% used [0x00000000dd280000,0x00000000ddd7d1e8,0x00000000ddd80000)
  to   space 12800K, 0% used [0x00000000e0480000,0x00000000e0480000,0x00000000e1100000)
 ParOldGen       total 51200K, used 7339K [0x0000000080000000, 0x0000000083200000, 0x00000000d5580000)
  object space 51200K, 14% used [0x0000000080000000,0x000000008072ac30,0x0000000083200000)
 Metaspace       used 34265K, capacity 35412K, committed 35496K, reserved 1079296K
  class space    used 4720K, capacity 5001K, committed 5040K, reserved 1048576K
Event: 5.311 GC heap after
Heap after GC invocations=11 (full 2):
 PSYoungGen      total 139264K, used 0K [0x00000000d5580000, 0x00000000e1100000, 0x0000000100000000)
  eden space 128000K, 0% used [0x00000000d5580000,0x00000000d5580000,0x00000000dd280000)
  from space 11264K, 0% used [0x00000000dd280000,0x00000000dd280000,0x00000000ddd80000)
  to   space 12800K, 0% used [0x00000000e0480000,0x00000000e0480000,0x00000000e1100000)
 ParOldGen       total 87552K, used 17966K [0x0000000080000000, 0x0000000085580000, 0x00000000d5580000)
  object space 87552K, 20% used [0x0000000080000000,0x000000008118b968,0x0000000085580000)
 Metaspace       used 34265K, capacity 35412K, committed 35496K, reserved 1079296K
  class space    used 4720K, capacity 5001K, committed 5040K, reserved 1048576K
}
Event: 6.716 GC heap before
{Heap before GC invocations=12 (full 2):
 PSYoungGen      total 139264K, used 128000K [0x00000000d5580000, 0x00000000e1100000, 0x0000000100000000)
  eden space 128000K, 100% used [0x00000000d5580000,0x00000000dd280000,0x00000000dd280000)
  from space 11264K, 0% used [0x00000000dd280000,0x00000000dd280000,0x00000000ddd80000)
  to   space 12800K, 0% used [0x00000000e0480000,0x00000000e0480000,0x00000000e1100000)
 ParOldGen       total 87552K, used 17966K [0x0000000080000000, 0x0000000085580000, 0x00000000d5580000)
  object space 87552K, 20% used [0x0000000080000000,0x000000008118b968,0x0000000085580000)
 Metaspace       used 38365K, capacity 40010K, committed 40232K, reserved 1083392K
  class space    used 5290K, capacity 5649K, committed 5680K, reserved 1048576K
Event: 6.731 GC heap after
Heap after GC invocations=12 (full 2):
 PSYoungGen      total 162816K, used 8340K [0x00000000d5580000, 0x00000000e0d00000, 0x0000000100000000)
  eden space 154112K, 0% used [0x00000000d5580000,0x00000000d5580000,0x00000000dec00000)
  from space 8704K, 95% used [0x00000000e0480000,0x00000000e0ca51d0,0x00000000e0d00000)
  to   space 12800K, 0% used [0x00000000df400000,0x00000000df400000,0x00000000e0080000)
 ParOldGen       total 87552K, used 17974K [0x0000000080000000, 0x0000000085580000, 0x00000000d5580000)
  object space 87552K, 20% used [0x0000000080000000,0x000000008118d968,0x0000000085580000)
 Metaspace       used 38365K, capacity 40010K, committed 40232K, reserved 1083392K
  class space    used 5290K, capacity 5649K, committed 5680K, reserved 1048576K
}
Event: 9.928 GC heap before
{Heap before GC invocations=13 (full 2):
 PSYoungGen      total 162816K, used 162452K [0x00000000d5580000, 0x00000000e0d00000, 0x0000000100000000)
  eden space 154112K, 100% used [0x00000000d5580000,0x00000000dec00000,0x00000000dec00000)
  from space 8704K, 95% used [0x00000000e0480000,0x00000000e0ca51d0,0x00000000e0d00000)
  to   space 12800K, 0% used [0x00000000df400000,0x00000000df400000,0x00000000e0080000)
 ParOldGen       total 87552K, used 17974K [0x0000000080000000, 0x0000000085580000, 0x00000000d5580000)
  object space 87552K, 20% used [0x0000000080000000,0x000000008118d968,0x0000000085580000)
 Metaspace       used 52326K, capacity 54346K, committed 54568K, reserved 1095680K
  class space    used 6972K, capacity 7427K, committed 7472K, reserved 1048576K
Event: 9.965 GC heap after
Heap after GC invocations=13 (full 2):
 PSYoungGen      total 175104K, used 12796K [0x00000000d5580000, 0x00000000e2b80000, 0x0000000100000000)
  eden space 162304K, 0% used [0x00000000d5580000,0x00000000d5580000,0x00000000df400000)
  from space 12800K, 99% used [0x00000000df400000,0x00000000e007f320,0x00000000e0080000)
  to   space 18432K, 0% used [0x00000000e1980000,0x00000000e1980000,0x00000000e2b80000)
 ParOldGen       total 87552K, used 28548K [0x0000000080000000, 0x0000000085580000, 0x00000000d5580000)
  object space 87552K, 32% used [0x0000000080000000,0x0000000081be1270,0x0000000085580000)
 Metaspace       used 52326K, capacity 54346K, committed 54568K, reserved 1095680K
  class space    used 6972K, capacity 7427K, committed 7472K, reserved 1048576K
}

