# JRE version: OpenJDK Runtime Environment (8.0_242-b01) (build 1.8.0_242-release-1644-b01)
# Java VM: OpenJDK 64-Bit Server VM (25.242-b01 mixed mode windows-amd64 compressed oops)
Heap:
 PSYoungGen      total 266752K, used 234276K [0x00000000d5580000, 0x00000000e6f80000, 0x0000000100000000)
  eden space 246784K, 94% used [0x00000000d5580000,0x00000000e3a490a0,0x00000000e4680000)
  from space 19968K, 0% used [0x00000000e5980000,0x00000000e5980000,0x00000000e6d00000)
  to   space 19456K, 0% used [0x00000000e4680000,0x00000000e4680000,0x00000000e5980000)
 ParOldGen       total 104448K, used 31317K [0x0000000080000000, 0x0000000086600000, 0x00000000d5580000)
  object space 104448K, 29% used [0x0000000080000000,0x0000000081e95568,0x0000000086600000)
 Metaspace       used 66669K, capacity 69966K, committed 70296K, reserved 1110016K
  class space    used 9146K, capacity 9784K, committed 9904K, reserved 1048576K
GC Heap History (10 events):
Event: 4.422 GC heap before
{Heap before GC invocations=11 (full 2):
 PSYoungGen      total 138752K, used 11236K [0x00000000d5580000, 0x00000000e2580000, 0x0000000100000000)
  eden space 127488K, 0% used [0x00000000d5580000,0x00000000d5580000,0x00000000dd200000)
  from space 11264K, 99% used [0x00000000dd200000,0x00000000ddcf9050,0x00000000ddd00000)
  to   space 12800K, 0% used [0x00000000e1900000,0x00000000e1900000,0x00000000e2580000)
 ParOldGen       total 47616K, used 7395K [0x0000000080000000, 0x0000000082e80000, 0x00000000d5580000)
  object space 47616K, 15% used [0x0000000080000000,0x0000000080738d10,0x0000000082e80000)
 Metaspace       used 34258K, capacity 35412K, committed 35496K, reserved 1079296K
  class space    used 4719K, capacity 5001K, committed 5040K, reserved 1048576K
Event: 4.505 GC heap after
Heap after GC invocations=11 (full 2):
 PSYoungGen      total 138752K, used 0K [0x00000000d5580000, 0x00000000e2580000, 0x0000000100000000)
  eden space 127488K, 0% used [0x00000000d5580000,0x00000000d5580000,0x00000000dd200000)
  from space 11264K, 0% used [0x00000000dd200000,0x00000000dd200000,0x00000000ddd00000)
  to   space 12800K, 0% used [0x00000000e1900000,0x00000000e1900000,0x00000000e2580000)
 ParOldGen       total 70144K, used 18059K [0x0000000080000000, 0x0000000084480000, 0x00000000d5580000)
  object space 70144K, 25% used [0x0000000080000000,0x00000000811a2c68,0x0000000084480000)
 Metaspace       used 34258K, capacity 35412K, committed 35496K, reserved 1079296K
  class space    used 4719K, capacity 5001K, committed 5040K, reserved 1048576K
}
Event: 5.475 GC heap before
{Heap before GC invocations=12 (full 2):
 PSYoungGen      total 138752K, used 127488K [0x00000000d5580000, 0x00000000e2580000, 0x0000000100000000)
  eden space 127488K, 100% used [0x00000000d5580000,0x00000000dd200000,0x00000000dd200000)
  from space 11264K, 0% used [0x00000000dd200000,0x00000000dd200000,0x00000000ddd00000)
  to   space 12800K, 0% used [0x00000000e1900000,0x00000000e1900000,0x00000000e2580000)
 ParOldGen       total 70144K, used 18065K [0x0000000080000000, 0x0000000084480000, 0x00000000d5580000)
  object space 70144K, 25% used [0x0000000080000000,0x00000000811a46f8,0x0000000084480000)
 Metaspace       used 38302K, capacity 39942K, committed 39976K, reserved 1083392K
  class space    used 5284K, capacity 5649K, committed 5680K, reserved 1048576K
Event: 5.483 GC heap after
Heap after GC invocations=12 (full 2):
 PSYoungGen      total 185856K, used 8403K [0x00000000d5580000, 0x00000000e2180000, 0x0000000100000000)
  eden space 177152K, 0% used [0x00000000d5580000,0x00000000d5580000,0x00000000e0280000)
  from space 8704K, 96% used [0x00000000e1900000,0x00000000e2134d18,0x00000000e2180000)
  to   space 12800K, 0% used [0x00000000e0880000,0x00000000e0880000,0x00000000e1500000)
 ParOldGen       total 70144K, used 18073K [0x0000000080000000, 0x0000000084480000, 0x00000000d5580000)
  object space 70144K, 25% used [0x0000000080000000,0x00000000811a66f8,0x0000000084480000)
 Metaspace       used 38302K, capacity 39942K, committed 39976K, reserved 1083392K
  class space    used 5284K, capacity 5649K, committed 5680K, reserved 1048576K
}
Event: 8.117 GC heap before
{Heap before GC invocations=13 (full 2):
 PSYoungGen      total 185856K, used 185555K [0x00000000d5580000, 0x00000000e2180000, 0x0000000100000000)
  eden space 177152K, 100% used [0x00000000d5580000,0x00000000e0280000,0x00000000e0280000)
  from space 8704K, 96% used [0x00000000e1900000,0x00000000e2134d18,0x00000000e2180000)
  to   space 12800K, 0% used [0x00000000e0880000,0x00000000e0880000,0x00000000e1500000)
 ParOldGen       total 70144K, used 18073K [0x0000000080000000, 0x0000000084480000, 0x00000000d5580000)
  object space 70144K, 25% used [0x0000000080000000,0x00000000811a66f8,0x0000000084480000)
 Metaspace       used 54343K, capacity 56490K, committed 56616K, reserved 1097728K
  class space    used 7256K, capacity 7699K, committed 7728K, reserved 1048576K
Event: 8.264 GC heap after
Heap after GC invocations=13 (full 2):
 PSYoungGen      total 196096K, used 12782K [0x00000000d5580000, 0x00000000e6d00000, 0x0000000100000000)
  eden space 183296K, 0% used [0x00000000d5580000,0x00000000d5580000,0x00000000e0880000)
  from space 12800K, 99% used [0x00000000e0880000,0x00000000e14fba80,0x00000000e1500000)
  to   space 19968K, 0% used [0x00000000e5980000,0x00000000e5980000,0x00000000e6d00000)
 ParOldGen       total 70144K, used 32072K [0x0000000080000000, 0x0000000084480000, 0x00000000d5580000)
  object space 70144K, 45% used [0x0000000080000000,0x0000000081f52158,0x0000000084480000)
 Metaspace       used 54343K, capacity 56490K, committed 56616K, reserved 1097728K
  class space    used 7256K, capacity 7699K, committed 7728K, reserved 1048576K
}
Event: 9.048 GC heap before
{Heap before GC invocations=14 (full 2):
 PSYoungGen      total 196096K, used 35222K [0x00000000d5580000, 0x00000000e6d00000, 0x0000000100000000)
  eden space 183296K, 12% used [0x00000000d5580000,0x00000000d6b69f88,0x00000000e0880000)
  from space 12800K, 99% used [0x00000000e0880000,0x00000000e14fba80,0x00000000e1500000)
  to   space 19968K, 0% used [0x00000000e5980000,0x00000000e5980000,0x00000000e6d00000)
 ParOldGen       total 70144K, used 32072K [0x0000000080000000, 0x0000000084480000, 0x00000000d5580000)
  object space 70144K, 45% used [0x0000000080000000,0x0000000081f52158,0x0000000084480000)
 Metaspace       used 56790K, capacity 59108K, committed 59160K, reserved 1099776K
  class space    used 7711K, capacity 8193K, committed 8240K, reserved 1048576K
Event: 9.061 GC heap after
Heap after GC invocations=14 (full 2):
 PSYoungGen      total 266752K, used 3213K [0x00000000d5580000, 0x00000000e6f80000, 0x0000000100000000)
  eden space 246784K, 0% used [0x00000000d5580000,0x00000000d5580000,0x00000000e4680000)
  from space 19968K, 16% used [0x00000000e5980000,0x00000000e5ca3440,0x00000000e6d00000)
  to   space 19456K, 0% used [0x00000000e4680000,0x00000000e4680000,0x00000000e5980000)
 ParOldGen       total 70144K, used 43197K [0x0000000080000000, 0x0000000084480000, 0x00000000d5580000)
  object space 70144K, 61% used [0x0000000080000000,0x0000000082a2f530,0x0000000084480000)
 Metaspace       used 56790K, capacity 59108K, committed 59160K, reserved 1099776K
  class space    used 7711K, capacity 8193K, committed 8240K, reserved 1048576K
}
Event: 9.061 GC heap before
{Heap before GC invocations=15 (full 3):
 PSYoungGen      total 266752K, used 3213K [0x00000000d5580000, 0x00000000e6f80000, 0x0000000100000000)
  eden space 246784K, 0% used [0x00000000d5580000,0x00000000d5580000,0x00000000e4680000)
  from space 19968K, 16% used [0x00000000e5980000,0x00000000e5ca3440,0x00000000e6d00000)
  to   space 19456K, 0% used [0x00000000e4680000,0x00000000e4680000,0x00000000e5980000)
 ParOldGen       total 70144K, used 43197K [0x0000000080000000, 0x0000000084480000, 0x00000000d5580000)
  object space 70144K, 61% used [0x0000000080000000,0x0000000082a2f530,0x0000000084480000)
 Metaspace       used 56790K, capacity 59108K, committed 59160K, reserved 1099776K
  class space    used 7711K, capacity 8193K, committed 8240K, reserved 1048576K
Event: 9.318 GC heap after
Heap after GC invocations=15 (full 3):
 PSYoungGen      total 266752K, used 0K [0x00000000d5580000, 0x00000000e6f80000, 0x0000000100000000)
  eden space 246784K, 0% used [0x00000000d5580000,0x00000000d5580000,0x00000000e4680000)
  from space 19968K, 0% used [0x00000000e5980000,0x00000000e5980000,0x00000000e6d00000)
  to   space 19456K, 0% used [0x00000000e4680000,0x00000000e4680000,0x00000000e5980000)
 ParOldGen       total 104448K, used 31317K [0x0000000080000000, 0x0000000086600000, 0x00000000d5580000)
  object space 104448K, 29% used [0x0000000080000000,0x0000000081e95568,0x0000000086600000)
 Metaspace       used 56756K, capacity 58994K, committed 59160K, reserved 1099776K
  class space    used 7700K, capacity 8174K, committed 8240K, reserved 1048576K
}

